05-23 15:49:31 INFO     Host Assigned: 8.8.8.8
05-23 16:15:30 INFO     Host Assigned: 8.8.8.8
05-23 16:15:32 INFO     CONNECTION ESTABLISHED
05-23 16:15:32 INFO     CONNECTION DOWN FOR: 
05-23 16:15:35 INFO     CONNECTION ESTABLISHED
05-23 16:15:35 INFO     CONNECTION DOWN FOR: 
05-23 16:15:38 INFO     CONNECTION ESTABLISHED
05-23 16:15:38 INFO     CONNECTION DOWN FOR: 
05-23 16:15:41 INFO     CONNECTION ESTABLISHED
05-23 16:15:41 INFO     CONNECTION DOWN FOR: 
05-23 16:15:44 ERROR    CONNECTION FAILED
05-23 16:15:44 ERROR    CONNECTION FAILED
05-23 16:15:44 ERROR    CONNECTION FAILED
05-23 16:15:44 INFO     INITIALIZE REBOOT
05-23 16:15:44 INFO     REBOOT INITIATED
05-23 16:16:21 ERROR    CONNECTION FAILED
05-23 16:16:41 INFO     CONNECTION ESTABLISHED
05-23 16:16:41 INFO     CONNECTION DOWN FOR: 
05-23 16:16:44 INFO     CONNECTION ESTABLISHED
05-23 16:16:44 INFO     CONNECTION DOWN FOR: 
05-23 16:16:48 INFO     CONNECTION ESTABLISHED
05-23 16:16:48 INFO     CONNECTION DOWN FOR: 
05-23 16:16:51 INFO     CONNECTION ESTABLISHED
05-23 16:16:51 INFO     CONNECTION DOWN FOR: 
05-23 16:16:54 INFO     CONNECTION ESTABLISHED
05-23 16:16:54 INFO     CONNECTION DOWN FOR: 
05-23 16:16:57 INFO     CONNECTION ESTABLISHED
05-23 16:16:57 INFO     CONNECTION DOWN FOR: 
05-23 16:17:00 INFO     CONNECTION ESTABLISHED
05-23 16:17:00 INFO     CONNECTION DOWN FOR: 
05-23 16:17:03 INFO     CONNECTION ESTABLISHED
05-23 16:17:03 INFO     CONNECTION DOWN FOR: 
05-23 16:17:06 INFO     CONNECTION ESTABLISHED
05-23 16:17:06 INFO     CONNECTION DOWN FOR: 
