2019-05-29 16:27:44 INFO     Testing
2019-05-29 16:29:27 INFO     Testing
2019-05-29 16:29:32 ERROR    Error: could not find
2019-05-29 16:29:44 INFO     Testing
2019-05-29 16:29:46 ERROR    Error: could not find host fasdfds. Please check the name and try again.

2019-05-29 16:30:26 INFO     Testing
2019-05-29 16:30:42 INFO     Testing
2019-05-29 16:30:51 INFO     Testing
2019-05-29 16:31:02 INFO     Testing
2019-05-29 16:31:42 INFO     Testing
2019-05-29 16:31:57 INFO     Testing
2019-05-29 16:34:15 INFO     Testing
2019-05-29 16:34:34 INFO     Testing
2019-05-29 16:36:02 INFO     Testing
2019-05-29 16:36:23 INFO     Testing
2019-05-29 16:36:26 ERROR    Error: Ping
2019-05-29 16:44:25 INFO     Testing
2019-05-29 16:44:29 ERROR    MODER01: Ping
2019-05-29 16:45:14 INFO     Testing
2019-05-29 16:45:17 ERROR    MODER01: Ping
2019-05-29 16:45:17 ERROR    MODER01: request
2019-05-29 16:45:17 ERROR    MODER01: could
2019-05-29 16:45:17 ERROR    MODER01: not
2019-05-29 16:45:17 ERROR    MODER01: find
2019-05-29 16:45:17 ERROR    MODER01: host
2019-05-29 16:45:17 ERROR    MODER01: fasdfds
2019-05-29 16:45:17 ERROR    MODER01: Please
2019-05-29 16:45:17 ERROR    MODER01: check
2019-05-29 16:45:17 ERROR    MODER01: the
2019-05-29 16:45:17 ERROR    MODER01: name
2019-05-29 16:45:17 ERROR    MODER01: and
2019-05-29 16:45:17 ERROR    MODER01: try
2019-05-29 16:45:17 ERROR    MODER01: again
2019-05-29 16:45:39 INFO     Testing
2019-05-29 16:45:43 ERROR    MODER01: Ping
2019-05-29 16:45:43 ERROR    MODER01: request
2019-05-29 16:45:43 ERROR    MODER01: could
2019-05-29 16:45:43 ERROR    MODER01: not
2019-05-29 16:45:43 ERROR    MODER01: find
2019-05-29 16:45:43 ERROR    MODER01: host
2019-05-29 16:45:43 ERROR    MODER01: fasdfds.
2019-05-29 16:45:43 ERROR    MODER01: Please
2019-05-29 16:45:43 ERROR    MODER01: check
2019-05-29 16:45:43 ERROR    MODER01: the
2019-05-29 16:45:43 ERROR    MODER01: name
2019-05-29 16:45:43 ERROR    MODER01: and
2019-05-29 16:45:43 ERROR    MODER01: try
2019-05-29 16:45:43 ERROR    MODER01: again.
2019-05-29 16:45:53 INFO     Testing
2019-05-29 16:45:56 ERROR    MODER01: Ping
2019-05-29 16:45:56 ERROR    MODER01: request
2019-05-29 16:45:56 ERROR    MODER01: could
2019-05-29 16:45:56 ERROR    MODER01: not
2019-05-29 16:45:56 ERROR    MODER01: find
2019-05-29 16:45:56 ERROR    MODER01: host
2019-05-29 16:45:56 ERROR    MODER01: fasdfds.
2019-05-29 16:45:56 ERROR    MODER01: Please
2019-05-29 16:45:56 ERROR    MODER01: check
2019-05-29 16:45:56 ERROR    MODER01: the
2019-05-29 16:45:56 ERROR    MODER01: name
2019-05-29 16:45:56 ERROR    MODER01: and
2019-05-29 16:45:56 ERROR    MODER01: try
2019-05-29 16:45:56 ERROR    MODER01: again.
2019-05-29 16:46:06 INFO     Testing
2019-05-29 16:46:08 ERROR    MODER01: s.
2019-05-29 16:46:08 ERROR    MODER01: n.
2019-05-29 16:46:19 INFO     Testing
2019-05-29 16:46:21 ERROR    MODER01: s.
2019-05-29 16:46:21 ERROR    MODER01: n.
2019-05-29 16:46:32 INFO     Testing
2019-05-29 16:46:42 INFO     Testing
2019-05-29 16:46:44 ERROR    MODER01: ds.
2019-05-29 16:46:44 ERROR    MODER01: in.
2019-05-29 16:46:57 INFO     Testing
2019-05-29 16:47:41 INFO     Testing
2019-05-29 16:47:58 INFO     Testing
2019-05-29 16:48:22 INFO     Testing
2019-05-29 16:48:24 ERROR    MODER01: s.
2019-05-29 16:48:24 ERROR    MODER01: n.
2019-05-29 16:48:29 INFO     Testing
