2019-05-31 18:54:15 INFO     Testing
2019-05-31 18:54:19 ERROR    MODER01: Pinging
2019-05-31 18:54:19 ERROR    MODER01: 0
2019-05-31 18:54:19 ERROR    MODER01: 0
2019-05-31 18:54:19 ERROR    MODER01: 0
2019-05-31 18:54:19 ERROR    MODER01: 55
2019-05-31 18:54:19 ERROR    MODER01: with
2019-05-31 18:54:19 ERROR    MODER01: 32
2019-05-31 18:54:19 ERROR    MODER01: bytes
2019-05-31 18:54:19 ERROR    MODER01: of
2019-05-31 18:54:19 ERROR    MODER01: data
2019-05-31 18:54:19 ERROR    MODER01: PING
2019-05-31 18:54:19 ERROR    MODER01: transmit
2019-05-31 18:54:19 ERROR    MODER01: failed
2019-05-31 18:54:19 ERROR    MODER01: General
2019-05-31 18:54:19 ERROR    MODER01: failure
2019-05-31 18:54:19 ERROR    MODER01: PING
2019-05-31 18:54:19 ERROR    MODER01: transmit
2019-05-31 18:54:19 ERROR    MODER01: failed
2019-05-31 18:54:19 ERROR    MODER01: General
2019-05-31 18:54:19 ERROR    MODER01: failure
2019-05-31 18:54:19 ERROR    MODER01: PING
2019-05-31 18:54:19 ERROR    MODER01: transmit
2019-05-31 18:54:19 ERROR    MODER01: failed
2019-05-31 18:54:19 ERROR    MODER01: General
2019-05-31 18:54:19 ERROR    MODER01: failure
2019-05-31 18:54:19 ERROR    MODER01: PING
2019-05-31 18:54:19 ERROR    MODER01: transmit
2019-05-31 18:54:19 ERROR    MODER01: failed
2019-05-31 18:54:19 ERROR    MODER01: General
2019-05-31 18:54:19 ERROR    MODER01: failure
2019-05-31 18:54:19 ERROR    MODER01: PING
2019-05-31 18:54:19 ERROR    MODER01: transmit
2019-05-31 18:54:19 ERROR    MODER01: failed
2019-05-31 18:54:19 ERROR    MODER01: General
2019-05-31 18:54:19 ERROR    MODER01: failure
2019-05-31 18:54:19 ERROR    MODER01: Ping
2019-05-31 18:54:19 ERROR    MODER01: statistics
2019-05-31 18:54:19 ERROR    MODER01: for
2019-05-31 18:54:19 ERROR    MODER01: 0
2019-05-31 18:54:19 ERROR    MODER01: 0
2019-05-31 18:54:19 ERROR    MODER01: 0
2019-05-31 18:54:19 ERROR    MODER01: 55
2019-05-31 18:54:19 ERROR    MODER01: Packets
2019-05-31 18:54:19 ERROR    MODER01: Sent
2019-05-31 18:54:19 ERROR    MODER01: 5
2019-05-31 18:54:19 ERROR    MODER01: Received
2019-05-31 18:54:19 ERROR    MODER01: 0
2019-05-31 18:54:19 ERROR    MODER01: Lost
2019-05-31 18:54:19 ERROR    MODER01: 5
2019-05-31 18:54:19 ERROR    MODER01: 100
2019-05-31 18:54:19 ERROR    MODER01: loss
2019-05-31 18:57:23 INFO     Testing
2019-05-31 18:58:26 INFO     Testing
2019-05-31 18:58:44 INFO     Testing
